<?xml version="1.0" encoding="UTF-8"?>
<testsuite xmlns:xsi="http://www.w3.org/2001/XMLSchema-instance" xsi:noNamespaceSchemaLocation="https://maven.apache.org/surefire/maven-surefire-plugin/xsd/surefire-test-report.xsd" name="TomlTest" time="0.028" tests="5" errors="0" skipped="0" failures="0">
  <properties>
[...]
</properties>
  <testcase name="testCommentInStringArray" classname="TomlTest" time="0.002"/>
  <testcase name="testComment" classname="TomlTest" time="0"/>
  <testcase name="testCommentInString" classname="TomlTest" time="0"/>
  <testcase name="testCommentAfter" classname="TomlTest" time="0"/>
  <testcase name="testCommentAfterString" classname="TomlTest" time="0"/>
</testsuite>