<?xml version="1.0" encoding="UTF-8"?>
<testsuite xmlns:xsi="http://www.w3.org/2001/XMLSchema-instance" xsi:noNamespaceSchemaLocation="https://maven.apache.org/surefire/maven-surefire-plugin/xsd/surefire-test-report.xsd" name="TomlTest" time="0.047" tests="10" errors="0" skipped="0" failures="0">
  <properties>
[...]
</properties>
  <testcase name="testCommentInStringArray" classname="TomlTest" time="0.003"/>
  <testcase name="testCommentInStringArray2" classname="TomlTest" time="0"/>
  <testcase name="testCommentAfter2" classname="TomlTest" time="0"/>
  <testcase name="testCommentAfterString2" classname="TomlTest" time="0"/>
  <testcase name="testComment2" classname="TomlTest" time="0"/>
  <testcase name="testComment" classname="TomlTest" time="0"/>
  <testcase name="testCommentInString2" classname="TomlTest" time="0"/>
  <testcase name="testCommentInString" classname="TomlTest" time="0"/>
  <testcase name="testCommentAfter" classname="TomlTest" time="0.001"/>
  <testcase name="testCommentAfterString" classname="TomlTest" time="0"/>
</testsuite>